[INFO] Scanning for projects...
[INFO] 
[INFO] ------------------< com.anacecilia:anarobles-backend >------------------
[INFO] Building AnaCecilia Backend 1.0.0
[INFO]   from pom.xml
[INFO] --------------------------------[ jar ]---------------------------------
[INFO] 
[INFO] >>> spring-boot:3.2.0:run (default-cli) > test-compile @ anarobles-backend >>>
[INFO] 
[INFO] --- resources:3.3.1:resources (default-resources) @ anarobles-backend ---
[INFO] Copying 1 resource from src\main\resources to target\classes
[INFO] Copying 0 resource from src\main\resources to target\classes
[INFO] 
[INFO] --- compiler:3.11.0:compile (default-compile) @ anarobles-backend ---
[INFO] Nothing to compile - all classes are up to date
[INFO] 
[INFO] --- resources:3.3.1:testResources (default-testResources) @ anarobles-backend ---
[INFO] skip non existing resourceDirectory C:\Users\Manu\OneDrive - UTN FRLP\Documentos\Web AnaRobles\anarobles-backend\src\test\resources
[INFO] 
[INFO] --- compiler:3.11.0:testCompile (default-testCompile) @ anarobles-backend ---
[INFO] No sources to compile
[INFO] 
[INFO] <<< spring-boot:3.2.0:run (default-cli) < test-compile @ anarobles-backend <<<
[INFO] 
[INFO] 
[INFO] --- spring-boot:3.2.0:run (default-cli) @ anarobles-backend ---
[INFO] Attaching agents: []

  .   ____          _            __ _ _
 /\\ / ___'_ __ _ _(_)_ __  __ _ \ \ \ \
( ( )\___ | '_ | '_| | '_ \/ _` | \ \ \ \
 \\/  ___)| |_)| | | | | || (_| |  ) ) ) )
  '  |____| .__|_| |_|_| |_\__, | / / / /
 =========|_|==============|___/=/_/_/_/
 :: Spring Boot ::                (v3.2.0)

2026-05-06T20:10:46.777-03:00  INFO 44372 --- [anarobles-backend] [  restartedMain] c.a.backend.AnaroblesBackendApplication  : Starting AnaroblesBackendApplication using Java 17.0.5 with PID 44372 (C:\Users\Manu\OneDrive - UTN FRLP\Documentos\Web AnaRobles\anarobles-backend\target\classes started by Manu in C:\Users\Manu\OneDrive - UTN FRLP\Documentos\Web AnaRobles\anarobles-backend)
2026-05-06T20:10:46.779-03:00  INFO 44372 --- [anarobles-backend] [  restartedMain] c.a.backend.AnaroblesBackendApplication  : No active profile set, falling back to 1 default profile: "default"
2026-05-06T20:10:46.800-03:00  INFO 44372 --- [anarobles-backend] [  restartedMain] .e.DevToolsPropertyDefaultsPostProcessor : Devtools property defaults active! Set 'spring.devtools.add-properties' to 'false' to disable
2026-05-06T20:10:46.800-03:00  INFO 44372 --- [anarobles-backend] [  restartedMain] .e.DevToolsPropertyDefaultsPostProcessor : For additional web related logging consider setting the 'logging.level.web' property to 'DEBUG'
2026-05-06T20:10:47.189-03:00  INFO 44372 --- [anarobles-backend] [  restartedMain] .s.d.r.c.RepositoryConfigurationDelegate : Bootstrapping Spring Data JPA repositories in DEFAULT mode.
2026-05-06T20:10:47.229-03:00  INFO 44372 --- [anarobles-backend] [  restartedMain] .s.d.r.c.RepositoryConfigurationDelegate : Finished Spring Data repository scanning in 40 ms. Found 3 JPA repository interfaces.
2026-05-06T20:10:47.609-03:00  INFO 44372 --- [anarobles-backend] [  restartedMain] o.s.b.w.embedded.tomcat.TomcatWebServer  : Tomcat initialized with port 8080 (http)
2026-05-06T20:10:47.619-03:00  INFO 44372 --- [anarobles-backend] [  restartedMain] o.apache.catalina.core.StandardService   : Starting service [Tomcat]
2026-05-06T20:10:47.619-03:00  INFO 44372 --- [anarobles-backend] [  restartedMain] o.apache.catalina.core.StandardEngine    : Starting Servlet engine: [Apache Tomcat/10.1.16]
2026-05-06T20:10:47.653-03:00  INFO 44372 --- [anarobles-backend] [  restartedMain] o.a.c.c.C.[Tomcat].[localhost].[/]       : Initializing Spring embedded WebApplicationContext
2026-05-06T20:10:47.653-03:00  INFO 44372 --- [anarobles-backend] [  restartedMain] w.s.c.ServletWebServerApplicationContext : Root WebApplicationContext: initialization completed in 853 ms
2026-05-06T20:10:47.671-03:00  INFO 44372 --- [anarobles-backend] [  restartedMain] com.zaxxer.hikari.HikariDataSource       : HikariPool-1 - Starting...
2026-05-06T20:10:47.769-03:00  INFO 44372 --- [anarobles-backend] [  restartedMain] com.zaxxer.hikari.pool.HikariPool        : HikariPool-1 - Added connection conn0: url=jdbc:h2:mem:anarobles user=SA
2026-05-06T20:10:47.769-03:00  INFO 44372 --- [anarobles-backend] [  restartedMain] com.zaxxer.hikari.HikariDataSource       : HikariPool-1 - Start completed.
2026-05-06T20:10:47.779-03:00  INFO 44372 --- [anarobles-backend] [  restartedMain] o.s.b.a.h2.H2ConsoleAutoConfiguration    : H2 console available at '/h2-console'. Database available at 'jdbc:h2:mem:anarobles'
2026-05-06T20:10:47.834-03:00  INFO 44372 --- [anarobles-backend] [  restartedMain] o.hibernate.jpa.internal.util.LogHelper  : HHH000204: Processing PersistenceUnitInfo [name: default]
2026-05-06T20:10:47.862-03:00  INFO 44372 --- [anarobles-backend] [  restartedMain] org.hibernate.Version                    : HHH000412: Hibernate ORM core version 6.3.1.Final
2026-05-06T20:10:47.884-03:00  INFO 44372 --- [anarobles-backend] [  restartedMain] o.h.c.internal.RegionFactoryInitiator    : HHH000026: Second-level cache disabled
2026-05-06T20:10:48.009-03:00  INFO 44372 --- [anarobles-backend] [  restartedMain] o.s.o.j.p.SpringPersistenceUnitInfo      : No LoadTimeWeaver setup: ignoring JPA class transformer
2026-05-06T20:10:48.039-03:00  WARN 44372 --- [anarobles-backend] [  restartedMain] org.hibernate.orm.deprecation            : HHH90000025: H2Dialect does not need to be specified explicitly using 'hibernate.dialect' (remove the property setting and it will be selected by default)
2026-05-06T20:10:48.529-03:00  INFO 44372 --- [anarobles-backend] [  restartedMain] o.h.e.t.j.p.i.JtaPlatformInitiator       : HHH000489: No JTA platform available (set 'hibernate.transaction.jta.platform' to enable JTA platform integration)
2026-05-06T20:10:48.556-03:00 DEBUG 44372 --- [anarobles-backend] [  restartedMain] org.hibernate.SQL                        : 
    create table cursos (
        id bigint generated by default as identity,
        categoria varchar(255),
        contenido TEXT,
        created_at timestamp(6),
        descripcion TEXT,
        duracion varchar(255),
        imagen varchar(255),
        instructor varchar(255),
        intro_video_url varchar(255),
        nivel varchar(255),
        precio float(53) not null,
        publicado boolean not null,
        requisitos TEXT,
        titulo varchar(255) not null,
        updated_at timestamp(6),
        primary key (id)
    )
Hibernate: 
    create table cursos (
        id bigint generated by default as identity,
        categoria varchar(255),
        contenido TEXT,
        created_at timestamp(6),
        descripcion TEXT,
        duracion varchar(255),
        imagen varchar(255),
        instructor varchar(255),
        intro_video_url varchar(255),
        nivel varchar(255),
        precio float(53) not null,
        publicado boolean not null,
        requisitos TEXT,
        titulo varchar(255) not null,
        updated_at timestamp(6),
        primary key (id)
    )
2026-05-06T20:10:48.559-03:00 DEBUG 44372 --- [anarobles-backend] [  restartedMain] org.hibernate.SQL                        : 
    create table roles (
        id bigint generated by default as identity,
        name varchar(255) not null check (name in ('ADMIN','USER')),
        primary key (id)
    )
Hibernate: 
    create table roles (
        id bigint generated by default as identity,
        name varchar(255) not null check (name in ('ADMIN','USER')),
        primary key (id)
    )
2026-05-06T20:10:48.559-03:00 DEBUG 44372 --- [anarobles-backend] [  restartedMain] org.hibernate.SQL                        : 
    create table usuarios (
        id bigint generated by default as identity,
        activo boolean not null,
        avatar varchar(255),
        direccion varchar(255),
        email varchar(255) not null,
        fecha_creacion timestamp(6),
        nombre varchar(255) not null,
        password varchar(255) not null,
        telefono varchar(255),
        role_id bigint not null,
        primary key (id)
    )
Hibernate: 
    create table usuarios (
        id bigint generated by default as identity,
        activo boolean not null,
        avatar varchar(255),
        direccion varchar(255),
        email varchar(255) not null,
        fecha_creacion timestamp(6),
        nombre varchar(255) not null,
        password varchar(255) not null,
        telefono varchar(255),
        role_id bigint not null,
        primary key (id)
    )
2026-05-06T20:10:48.559-03:00 DEBUG 44372 --- [anarobles-backend] [  restartedMain] org.hibernate.SQL                        : 
    alter table if exists roles 
       drop constraint if exists UK_ofx66keruapi6vyqpv6f2or37
Hibernate: 
    alter table if exists roles 
       drop constraint if exists UK_ofx66keruapi6vyqpv6f2or37
2026-05-06T20:10:48.559-03:00 DEBUG 44372 --- [anarobles-backend] [  restartedMain] org.hibernate.SQL                        : 
    alter table if exists roles 
       add constraint UK_ofx66keruapi6vyqpv6f2or37 unique (name)
Hibernate: 
    alter table if exists roles 
       add constraint UK_ofx66keruapi6vyqpv6f2or37 unique (name)
2026-05-06T20:10:48.569-03:00 DEBUG 44372 --- [anarobles-backend] [  restartedMain] org.hibernate.SQL                        : 
    alter table if exists usuarios 
       drop constraint if exists UK_kfsp0s1tflm1cwlj8idhqsad0
Hibernate: 
    alter table if exists usuarios 
       drop constraint if exists UK_kfsp0s1tflm1cwlj8idhqsad0
2026-05-06T20:10:48.569-03:00 DEBUG 44372 --- [anarobles-backend] [  restartedMain] org.hibernate.SQL                        : 
    alter table if exists usuarios 
       add constraint UK_kfsp0s1tflm1cwlj8idhqsad0 unique (email)
Hibernate: 
    alter table if exists usuarios 
       add constraint UK_kfsp0s1tflm1cwlj8idhqsad0 unique (email)
2026-05-06T20:10:48.569-03:00 DEBUG 44372 --- [anarobles-backend] [  restartedMain] org.hibernate.SQL                        : 
    alter table if exists usuarios 
       add constraint FKeljjw3mx8n5ngoe7fbqbjwusp 
       foreign key (role_id) 
       references roles
Hibernate: 
    alter table if exists usuarios 
       add constraint FKeljjw3mx8n5ngoe7fbqbjwusp 
       foreign key (role_id) 
       references roles
2026-05-06T20:10:48.572-03:00  INFO 44372 --- [anarobles-backend] [  restartedMain] j.LocalContainerEntityManagerFactoryBean : Initialized JPA EntityManagerFactory for persistence unit 'default'
2026-05-06T20:10:48.873-03:00  WARN 44372 --- [anarobles-backend] [  restartedMain] JpaBaseConfiguration$JpaWebConfiguration : spring.jpa.open-in-view is enabled by default. Therefore, database queries may be performed during view rendering. Explicitly configure spring.jpa.open-in-view to disable this warning
2026-05-06T20:10:49.049-03:00  INFO 44372 --- [anarobles-backend] [  restartedMain] o.s.s.web.DefaultSecurityFilterChain     : Will secure any request with [org.springframework.security.web.session.DisableEncodeUrlFilter@1493b1c8, org.springframework.security.web.context.request.async.WebAsyncManagerIntegrationFilter@4ae72ad0, org.springframework.security.web.context.SecurityContextHolderFilter@13b23b09, org.springframework.security.web.header.HeaderWriterFilter@21f842be, org.springframework.web.filter.CorsFilter@35db81d6, org.springframework.security.web.authentication.logout.LogoutFilter@569bcf2, com.anacecilia.backend.security.JwtAuthenticationFilter@4d275906, org.springframework.security.web.savedrequest.RequestCacheAwareFilter@4427b24d, org.springframework.security.web.servletapi.SecurityContextHolderAwareRequestFilter@3977868e, org.springframework.security.web.authentication.AnonymousAuthenticationFilter@4d64ee57, org.springframework.security.web.session.SessionManagementFilter@1cfc186f, org.springframework.security.web.access.ExceptionTranslationFilter@6b2d89ed, org.springframework.security.web.access.intercept.AuthorizationFilter@65f76ba9]
2026-05-06T20:10:49.186-03:00  INFO 44372 --- [anarobles-backend] [  restartedMain] o.s.b.d.a.OptionalLiveReloadServer       : LiveReload server is running on port 35729
2026-05-06T20:10:49.203-03:00  INFO 44372 --- [anarobles-backend] [  restartedMain] o.s.b.w.embedded.tomcat.TomcatWebServer  : Tomcat started on port 8080 (http) with context path ''
2026-05-06T20:10:49.205-03:00  INFO 44372 --- [anarobles-backend] [  restartedMain] c.a.backend.AnaroblesBackendApplication  : Started AnaroblesBackendApplication in 2.646 seconds (process running for 2.871)
2026-05-06T20:10:49.281-03:00 DEBUG 44372 --- [anarobles-backend] [  restartedMain] org.hibernate.SQL                        : 
    select
        r1_0.id,
        r1_0.name 
    from
        roles r1_0 
    where
        r1_0.name=?
Hibernate: 
    select
        r1_0.id,
        r1_0.name 
    from
        roles r1_0 
    where
        r1_0.name=?
2026-05-06T20:10:49.319-03:00 DEBUG 44372 --- [anarobles-backend] [  restartedMain] org.hibernate.SQL                        : 
    insert 
    into
        roles
        (name, id) 
    values
        (?, default)
Hibernate: 
    insert 
    into
        roles
        (name, id) 
    values
        (?, default)
2026-05-06T20:10:49.328-03:00  INFO 44372 --- [anarobles-backend] [  restartedMain] c.a.backend.config.DataInitializer       : Rol ADMIN creado
2026-05-06T20:10:49.329-03:00 DEBUG 44372 --- [anarobles-backend] [  restartedMain] org.hibernate.SQL                        : 
    select
        r1_0.id,
        r1_0.name 
    from
        roles r1_0 
    where
        r1_0.name=?
Hibernate: 
    select
        r1_0.id,
        r1_0.name 
    from
        roles r1_0 
    where
        r1_0.name=?
2026-05-06T20:10:49.329-03:00 DEBUG 44372 --- [anarobles-backend] [  restartedMain] org.hibernate.SQL                        : 
    insert 
    into
        roles
        (name, id) 
    values
        (?, default)
Hibernate: 
    insert 
    into
        roles
        (name, id) 
    values
        (?, default)
2026-05-06T20:10:49.329-03:00  INFO 44372 --- [anarobles-backend] [  restartedMain] c.a.backend.config.DataInitializer       : Rol USER creado
2026-05-06T20:10:49.332-03:00 DEBUG 44372 --- [anarobles-backend] [  restartedMain] org.hibernate.SQL                        : 
    select
        u1_0.id 
    from
        usuarios u1_0 
    where
        u1_0.email=? 
    fetch
        first ? rows only
Hibernate: 
    select
        u1_0.id 
    from
        usuarios u1_0 
    where
        u1_0.email=? 
    fetch
        first ? rows only
2026-05-06T20:10:49.332-03:00 DEBUG 44372 --- [anarobles-backend] [  restartedMain] org.hibernate.SQL                        : 
    select
        r1_0.id,
        r1_0.name 
    from
        roles r1_0 
    where
        r1_0.name=?
Hibernate: 
    select
        r1_0.id,
        r1_0.name 
    from
        roles r1_0 
    where
        r1_0.name=?
2026-05-06T20:10:49.399-03:00 DEBUG 44372 --- [anarobles-backend] [  restartedMain] org.hibernate.SQL                        : 
    insert 
    into
        usuarios
        (activo, avatar, direccion, email, fecha_creacion, nombre, password, role_id, telefono, id) 
    values
        (?, ?, ?, ?, ?, ?, ?, ?, ?, default)
Hibernate: 
    insert 
    into
        usuarios
        (activo, avatar, direccion, email, fecha_creacion, nombre, password, role_id, telefono, id) 
    values
        (?, ?, ?, ?, ?, ?, ?, ?, ?, default)
2026-05-06T20:10:49.399-03:00  INFO 44372 --- [anarobles-backend] [  restartedMain] c.a.backend.config.DataInitializer       : Usuario admin creado: admin@anacecilia.art / admin123
2026-05-06T20:10:49.403-03:00 DEBUG 44372 --- [anarobles-backend] [  restartedMain] org.hibernate.SQL                        : 
    select
        u1_0.id 
    from
        usuarios u1_0 
    where
        u1_0.email=? 
    fetch
        first ? rows only
Hibernate: 
    select
        u1_0.id 
    from
        usuarios u1_0 
    where
        u1_0.email=? 
    fetch
        first ? rows only
2026-05-06T20:10:49.403-03:00 DEBUG 44372 --- [anarobles-backend] [  restartedMain] org.hibernate.SQL                        : 
    select
        r1_0.id,
        r1_0.name 
    from
        roles r1_0 
    where
        r1_0.name=?
Hibernate: 
    select
        r1_0.id,
        r1_0.name 
    from
        roles r1_0 
    where
        r1_0.name=?
2026-05-06T20:10:49.459-03:00 DEBUG 44372 --- [anarobles-backend] [  restartedMain] org.hibernate.SQL                        : 
    insert 
    into
        usuarios
        (activo, avatar, direccion, email, fecha_creacion, nombre, password, role_id, telefono, id) 
    values
        (?, ?, ?, ?, ?, ?, ?, ?, ?, default)
Hibernate: 
    insert 
    into
        usuarios
        (activo, avatar, direccion, email, fecha_creacion, nombre, password, role_id, telefono, id) 
    values
        (?, ?, ?, ?, ?, ?, ?, ?, ?, default)
2026-05-06T20:10:49.459-03:00  INFO 44372 --- [anarobles-backend] [  restartedMain] c.a.backend.config.DataInitializer       : Usuario test creado: test@anacecilia.art / test123
2026-05-06T20:10:49.557-03:00 DEBUG 44372 --- [anarobles-backend] [  restartedMain] org.hibernate.SQL                        : 
    select
        count(*) 
    from
        cursos c1_0
Hibernate: 
    select
        count(*) 
    from
        cursos c1_0
2026-05-06T20:10:49.559-03:00 DEBUG 44372 --- [anarobles-backend] [  restartedMain] org.hibernate.SQL                        : 
    insert 
    into
        cursos
        (categoria, contenido, created_at, descripcion, duracion, imagen, instructor, intro_video_url, nivel, precio, publicado, requisitos, titulo, updated_at, id) 
    values
        (?, ?, ?, ?, ?, ?, ?, ?, ?, ?, ?, ?, ?, ?, default)
Hibernate: 
    insert 
    into
        cursos
        (categoria, contenido, created_at, descripcion, duracion, imagen, instructor, intro_video_url, nivel, precio, publicado, requisitos, titulo, updated_at, id) 
    values
        (?, ?, ?, ?, ?, ?, ?, ?, ?, ?, ?, ?, ?, ?, default)
2026-05-06T20:10:49.559-03:00 DEBUG 44372 --- [anarobles-backend] [  restartedMain] org.hibernate.SQL                        : 
    insert 
    into
        cursos
        (categoria, contenido, created_at, descripcion, duracion, imagen, instructor, intro_video_url, nivel, precio, publicado, requisitos, titulo, updated_at, id) 
    values
        (?, ?, ?, ?, ?, ?, ?, ?, ?, ?, ?, ?, ?, ?, default)
Hibernate: 
    insert 
    into
        cursos
        (categoria, contenido, created_at, descripcion, duracion, imagen, instructor, intro_video_url, nivel, precio, publicado, requisitos, titulo, updated_at, id) 
    values
        (?, ?, ?, ?, ?, ?, ?, ?, ?, ?, ?, ?, ?, ?, default)
2026-05-06T20:10:49.559-03:00 DEBUG 44372 --- [anarobles-backend] [  restartedMain] org.hibernate.SQL                        : 
    insert 
    into
        cursos
        (categoria, contenido, created_at, descripcion, duracion, imagen, instructor, intro_video_url, nivel, precio, publicado, requisitos, titulo, updated_at, id) 
    values
        (?, ?, ?, ?, ?, ?, ?, ?, ?, ?, ?, ?, ?, ?, default)
Hibernate: 
    insert 
    into
        cursos
        (categoria, contenido, created_at, descripcion, duracion, imagen, instructor, intro_video_url, nivel, precio, publicado, requisitos, titulo, updated_at, id) 
    values
        (?, ?, ?, ?, ?, ?, ?, ?, ?, ?, ?, ?, ?, ?, default)
2026-05-06T20:10:49.559-03:00  INFO 44372 --- [anarobles-backend] [  restartedMain] c.a.backend.config.DataInitializer       : Cursos de ejemplo creados
2026-05-06T20:10:49.559-03:00  INFO 44372 --- [anarobles-backend] [  restartedMain] c.a.backend.config.DataInitializer       : Datos iniciales cargados correctamente
