
  .   ____          _            __ _ _
 /\\ / ___'_ __ _ _(_)_ __  __ _ \ \ \ \
( ( )\___ | '_ | '_| | '_ \/ _` | \ \ \ \
 \\/  ___)| |_)| | | | | || (_| |  ) ) ) )
  '  |____| .__|_| |_|_| |_\__, | / / / /
 =========|_|==============|___/=/_/_/_/
 :: Spring Boot ::                (v3.2.0)

2026-05-06T21:07:16.057-03:00  INFO 34568 --- [anarobles-backend] [  restartedMain] c.a.backend.AnaroblesBackendApplication  : Starting AnaroblesBackendApplication using Java 17.0.5 with PID 34568 (C:\Users\Manu\OneDrive - UTN FRLP\Documentos\Web AnaRobles\anarobles-backend\target\classes started by Manu in C:\Users\Manu\OneDrive - UTN FRLP\Documentos\Web AnaRobles\anarobles-backend)
2026-05-06T21:07:16.057-03:00  INFO 34568 --- [anarobles-backend] [  restartedMain] c.a.backend.AnaroblesBackendApplication  : No active profile set, falling back to 1 default profile: "default"
2026-05-06T21:07:16.086-03:00  INFO 34568 --- [anarobles-backend] [  restartedMain] .e.DevToolsPropertyDefaultsPostProcessor : Devtools property defaults active! Set 'spring.devtools.add-properties' to 'false' to disable
2026-05-06T21:07:16.086-03:00  INFO 34568 --- [anarobles-backend] [  restartedMain] .e.DevToolsPropertyDefaultsPostProcessor : For additional web related logging consider setting the 'logging.level.web' property to 'DEBUG'
2026-05-06T21:07:16.513-03:00  INFO 34568 --- [anarobles-backend] [  restartedMain] .s.d.r.c.RepositoryConfigurationDelegate : Bootstrapping Spring Data JPA repositories in DEFAULT mode.
2026-05-06T21:07:16.563-03:00  INFO 34568 --- [anarobles-backend] [  restartedMain] .s.d.r.c.RepositoryConfigurationDelegate : Finished Spring Data repository scanning in 50 ms. Found 6 JPA repository interfaces.
2026-05-06T21:07:16.973-03:00  INFO 34568 --- [anarobles-backend] [  restartedMain] o.s.b.w.embedded.tomcat.TomcatWebServer  : Tomcat initialized with port 8080 (http)
2026-05-06T21:07:16.983-03:00  INFO 34568 --- [anarobles-backend] [  restartedMain] o.apache.catalina.core.StandardService   : Starting service [Tomcat]
2026-05-06T21:07:16.983-03:00  INFO 34568 --- [anarobles-backend] [  restartedMain] o.apache.catalina.core.StandardEngine    : Starting Servlet engine: [Apache Tomcat/10.1.16]
2026-05-06T21:07:17.013-03:00  INFO 34568 --- [anarobles-backend] [  restartedMain] o.a.c.c.C.[Tomcat].[localhost].[/]       : Initializing Spring embedded WebApplicationContext
2026-05-06T21:07:17.018-03:00  INFO 34568 --- [anarobles-backend] [  restartedMain] w.s.c.ServletWebServerApplicationContext : Root WebApplicationContext: initialization completed in 927 ms
2026-05-06T21:07:17.035-03:00  INFO 34568 --- [anarobles-backend] [  restartedMain] com.zaxxer.hikari.HikariDataSource       : HikariPool-1 - Starting...
2026-05-06T21:07:17.141-03:00  INFO 34568 --- [anarobles-backend] [  restartedMain] com.zaxxer.hikari.pool.HikariPool        : HikariPool-1 - Added connection conn0: url=jdbc:h2:mem:anarobles user=SA
2026-05-06T21:07:17.143-03:00  INFO 34568 --- [anarobles-backend] [  restartedMain] com.zaxxer.hikari.HikariDataSource       : HikariPool-1 - Start completed.
2026-05-06T21:07:17.148-03:00  INFO 34568 --- [anarobles-backend] [  restartedMain] o.s.b.a.h2.H2ConsoleAutoConfiguration    : H2 console available at '/h2-console'. Database available at 'jdbc:h2:mem:anarobles'
2026-05-06T21:07:17.213-03:00  INFO 34568 --- [anarobles-backend] [  restartedMain] o.hibernate.jpa.internal.util.LogHelper  : HHH000204: Processing PersistenceUnitInfo [name: default]
2026-05-06T21:07:17.243-03:00  INFO 34568 --- [anarobles-backend] [  restartedMain] org.hibernate.Version                    : HHH000412: Hibernate ORM core version 6.3.1.Final
2026-05-06T21:07:17.263-03:00  INFO 34568 --- [anarobles-backend] [  restartedMain] o.h.c.internal.RegionFactoryInitiator    : HHH000026: Second-level cache disabled
2026-05-06T21:07:17.401-03:00  INFO 34568 --- [anarobles-backend] [  restartedMain] o.s.o.j.p.SpringPersistenceUnitInfo      : No LoadTimeWeaver setup: ignoring JPA class transformer
2026-05-06T21:07:17.423-03:00  WARN 34568 --- [anarobles-backend] [  restartedMain] org.hibernate.orm.deprecation            : HHH90000025: H2Dialect does not need to be specified explicitly using 'hibernate.dialect' (remove the property setting and it will be selected by default)
2026-05-06T21:07:18.082-03:00  INFO 34568 --- [anarobles-backend] [  restartedMain] o.h.e.t.j.p.i.JtaPlatformInitiator       : HHH000489: No JTA platform available (set 'hibernate.transaction.jta.platform' to enable JTA platform integration)
2026-05-06T21:07:18.109-03:00 DEBUG 34568 --- [anarobles-backend] [  restartedMain] org.hibernate.SQL                        : 
    create table cursos (
        id bigint generated by default as identity,
        categoria varchar(255),
        contenido TEXT,
        created_at timestamp(6),
        descripcion TEXT,
        destacado boolean,
        duracion varchar(255),
        imagen varchar(255),
        instructor varchar(255),
        intro_video_url varchar(255),
        modalidad varchar(255),
        nivel varchar(255),
        precio float(53) not null,
        publicado boolean not null,
        requisitos TEXT,
        titulo varchar(255) not null,
        updated_at timestamp(6),
        primary key (id)
    )
Hibernate: 
    create table cursos (
        id bigint generated by default as identity,
        categoria varchar(255),
        contenido TEXT,
        created_at timestamp(6),
        descripcion TEXT,
        destacado boolean,
        duracion varchar(255),
        imagen varchar(255),
        instructor varchar(255),
        intro_video_url varchar(255),
        modalidad varchar(255),
        nivel varchar(255),
        precio float(53) not null,
        publicado boolean not null,
        requisitos TEXT,
        titulo varchar(255) not null,
        updated_at timestamp(6),
        primary key (id)
    )
2026-05-06T21:07:18.117-03:00 DEBUG 34568 --- [anarobles-backend] [  restartedMain] org.hibernate.SQL                        : 
    create table inscripciones (
        id bigint generated by default as identity,
        fecha_inscripcion timestamp(6),
        lecciones_completadas TEXT,
        curso_id bigint not null,
        usuario_id bigint not null,
        primary key (id)
    )
Hibernate: 
    create table inscripciones (
        id bigint generated by default as identity,
        fecha_inscripcion timestamp(6),
        lecciones_completadas TEXT,
        curso_id bigint not null,
        usuario_id bigint not null,
        primary key (id)
    )
2026-05-06T21:07:18.118-03:00 DEBUG 34568 --- [anarobles-backend] [  restartedMain] org.hibernate.SQL                        : 
    create table lecciones (
        id bigint generated by default as identity,
        duracion varchar(255),
        orden integer,
        pdf_url TEXT,
        quiz_json TEXT,
        tipo varchar(255) not null,
        titulo varchar(255) not null,
        video_url TEXT,
        modulo_id bigint not null,
        primary key (id)
    )
Hibernate: 
    create table lecciones (
        id bigint generated by default as identity,
        duracion varchar(255),
        orden integer,
        pdf_url TEXT,
        quiz_json TEXT,
        tipo varchar(255) not null,
        titulo varchar(255) not null,
        video_url TEXT,
        modulo_id bigint not null,
        primary key (id)
    )
2026-05-06T21:07:18.118-03:00 DEBUG 34568 --- [anarobles-backend] [  restartedMain] org.hibernate.SQL                        : 
    create table modulos (
        id bigint generated by default as identity,
        orden integer,
        titulo varchar(255) not null,
        curso_id bigint not null,
        primary key (id)
    )
Hibernate: 
    create table modulos (
        id bigint generated by default as identity,
        orden integer,
        titulo varchar(255) not null,
        curso_id bigint not null,
        primary key (id)
    )
2026-05-06T21:07:18.118-03:00 DEBUG 34568 --- [anarobles-backend] [  restartedMain] org.hibernate.SQL                        : 
    create table orden_items (
        id bigint generated by default as identity,
        cantidad integer not null,
        imagen varchar(255),
        precio float(53) not null,
        referencia_id bigint not null,
        tipo varchar(255) not null check (tipo in ('CURSO','PRODUCTO')),
        titulo varchar(255) not null,
        orden_id bigint not null,
        primary key (id)
    )
Hibernate: 
    create table orden_items (
        id bigint generated by default as identity,
        cantidad integer not null,
        imagen varchar(255),
        precio float(53) not null,
        referencia_id bigint not null,
        tipo varchar(255) not null check (tipo in ('CURSO','PRODUCTO')),
        titulo varchar(255) not null,
        orden_id bigint not null,
        primary key (id)
    )
2026-05-06T21:07:18.118-03:00 DEBUG 34568 --- [anarobles-backend] [  restartedMain] org.hibernate.SQL                        : 
    create table ordenes (
        id bigint generated by default as identity,
        created_at timestamp(6),
        estado varchar(255) not null check (estado in ('PENDIENTE','PAGADA','FALLIDA','CANCELADA')),
        external_reference varchar(255),
        payment_id varchar(255),
        preference_id varchar(255),
        total float(53) not null,
        updated_at timestamp(6),
        usuario_id bigint not null,
        primary key (id)
    )
Hibernate: 
    create table ordenes (
        id bigint generated by default as identity,
        created_at timestamp(6),
        estado varchar(255) not null check (estado in ('PENDIENTE','PAGADA','FALLIDA','CANCELADA')),
        external_reference varchar(255),
        payment_id varchar(255),
        preference_id varchar(255),
        total float(53) not null,
        updated_at timestamp(6),
        usuario_id bigint not null,
        primary key (id)
    )
2026-05-06T21:07:18.123-03:00 DEBUG 34568 --- [anarobles-backend] [  restartedMain] org.hibernate.SQL                        : 
    create table productos (
        id bigint generated by default as identity,
        categoria varchar(255),
        created_at timestamp(6),
        descripcion TEXT,
        destacado boolean not null,
        imagen varchar(255),
        nombre varchar(255) not null,
        precio float(53) not null,
        publicado boolean not null,
        stock integer,
        updated_at timestamp(6),
        primary key (id)
    )
Hibernate: 
    create table productos (
        id bigint generated by default as identity,
        categoria varchar(255),
        created_at timestamp(6),
        descripcion TEXT,
        destacado boolean not null,
        imagen varchar(255),
        nombre varchar(255) not null,
        precio float(53) not null,
        publicado boolean not null,
        stock integer,
        updated_at timestamp(6),
        primary key (id)
    )
2026-05-06T21:07:18.123-03:00 DEBUG 34568 --- [anarobles-backend] [  restartedMain] org.hibernate.SQL                        : 
    create table roles (
        id bigint generated by default as identity,
        name varchar(255) not null check (name in ('ADMIN','USER')),
        primary key (id)
    )
Hibernate: 
    create table roles (
        id bigint generated by default as identity,
        name varchar(255) not null check (name in ('ADMIN','USER')),
        primary key (id)
    )
2026-05-06T21:07:18.123-03:00 DEBUG 34568 --- [anarobles-backend] [  restartedMain] org.hibernate.SQL                        : 
    create table usuarios (
        id bigint generated by default as identity,
        activo boolean not null,
        avatar varchar(255),
        direccion varchar(255),
        email varchar(255) not null,
        fecha_creacion timestamp(6),
        nombre varchar(255) not null,
        password varchar(255) not null,
        telefono varchar(255),
        role_id bigint not null,
        primary key (id)
    )
Hibernate: 
    create table usuarios (
        id bigint generated by default as identity,
        activo boolean not null,
        avatar varchar(255),
        direccion varchar(255),
        email varchar(255) not null,
        fecha_creacion timestamp(6),
        nombre varchar(255) not null,
        password varchar(255) not null,
        telefono varchar(255),
        role_id bigint not null,
        primary key (id)
    )
2026-05-06T21:07:18.123-03:00 DEBUG 34568 --- [anarobles-backend] [  restartedMain] org.hibernate.SQL                        : 
    alter table if exists inscripciones 
       drop constraint if exists UKi5djfktwb4yyn91yrli49xn9j
Hibernate: 
    alter table if exists inscripciones 
       drop constraint if exists UKi5djfktwb4yyn91yrli49xn9j
2026-05-06T21:07:18.123-03:00 DEBUG 34568 --- [anarobles-backend] [  restartedMain] org.hibernate.SQL                        : 
    alter table if exists inscripciones 
       add constraint UKi5djfktwb4yyn91yrli49xn9j unique (usuario_id, curso_id)
Hibernate: 
    alter table if exists inscripciones 
       add constraint UKi5djfktwb4yyn91yrli49xn9j unique (usuario_id, curso_id)
2026-05-06T21:07:18.123-03:00 DEBUG 34568 --- [anarobles-backend] [  restartedMain] org.hibernate.SQL                        : 
    alter table if exists ordenes 
       drop constraint if exists UK_lp41u725y2u8kb4lmq1duewxb
Hibernate: 
    alter table if exists ordenes 
       drop constraint if exists UK_lp41u725y2u8kb4lmq1duewxb
2026-05-06T21:07:18.123-03:00 DEBUG 34568 --- [anarobles-backend] [  restartedMain] org.hibernate.SQL                        : 
    alter table if exists ordenes 
       add constraint UK_lp41u725y2u8kb4lmq1duewxb unique (external_reference)
Hibernate: 
    alter table if exists ordenes 
       add constraint UK_lp41u725y2u8kb4lmq1duewxb unique (external_reference)
2026-05-06T21:07:18.123-03:00 DEBUG 34568 --- [anarobles-backend] [  restartedMain] org.hibernate.SQL                        : 
    alter table if exists roles 
       drop constraint if exists UK_ofx66keruapi6vyqpv6f2or37
Hibernate: 
    alter table if exists roles 
       drop constraint if exists UK_ofx66keruapi6vyqpv6f2or37
2026-05-06T21:07:18.123-03:00 DEBUG 34568 --- [anarobles-backend] [  restartedMain] org.hibernate.SQL                        : 
    alter table if exists roles 
       add constraint UK_ofx66keruapi6vyqpv6f2or37 unique (name)
Hibernate: 
    alter table if exists roles 
       add constraint UK_ofx66keruapi6vyqpv6f2or37 unique (name)
2026-05-06T21:07:18.129-03:00 DEBUG 34568 --- [anarobles-backend] [  restartedMain] org.hibernate.SQL                        : 
    alter table if exists usuarios 
       drop constraint if exists UK_kfsp0s1tflm1cwlj8idhqsad0
Hibernate: 
    alter table if exists usuarios 
       drop constraint if exists UK_kfsp0s1tflm1cwlj8idhqsad0
2026-05-06T21:07:18.129-03:00 DEBUG 34568 --- [anarobles-backend] [  restartedMain] org.hibernate.SQL                        : 
    alter table if exists usuarios 
       add constraint UK_kfsp0s1tflm1cwlj8idhqsad0 unique (email)
Hibernate: 
    alter table if exists usuarios 
       add constraint UK_kfsp0s1tflm1cwlj8idhqsad0 unique (email)
2026-05-06T21:07:18.129-03:00 DEBUG 34568 --- [anarobles-backend] [  restartedMain] org.hibernate.SQL                        : 
    alter table if exists inscripciones 
       add constraint FKeil6g011skmwvhuklpwwxnpdv 
       foreign key (curso_id) 
       references cursos
Hibernate: 
    alter table if exists inscripciones 
       add constraint FKeil6g011skmwvhuklpwwxnpdv 
       foreign key (curso_id) 
       references cursos
2026-05-06T21:07:18.133-03:00 DEBUG 34568 --- [anarobles-backend] [  restartedMain] org.hibernate.SQL                        : 
    alter table if exists inscripciones 
       add constraint FKqd9h5nbt6ts0deinbqcm8wqm5 
       foreign key (usuario_id) 
       references usuarios
Hibernate: 
    alter table if exists inscripciones 
       add constraint FKqd9h5nbt6ts0deinbqcm8wqm5 
       foreign key (usuario_id) 
       references usuarios
2026-05-06T21:07:18.133-03:00 DEBUG 34568 --- [anarobles-backend] [  restartedMain] org.hibernate.SQL                        : 
    alter table if exists lecciones 
       add constraint FK7j84ktyd949rlpw47wb9d2n5n 
       foreign key (modulo_id) 
       references modulos
Hibernate: 
    alter table if exists lecciones 
       add constraint FK7j84ktyd949rlpw47wb9d2n5n 
       foreign key (modulo_id) 
       references modulos
2026-05-06T21:07:18.135-03:00 DEBUG 34568 --- [anarobles-backend] [  restartedMain] org.hibernate.SQL                        : 
    alter table if exists modulos 
       add constraint FKanqiw9w6sqengn4erdoaoq38l 
       foreign key (curso_id) 
       references cursos
Hibernate: 
    alter table if exists modulos 
       add constraint FKanqiw9w6sqengn4erdoaoq38l 
       foreign key (curso_id) 
       references cursos
2026-05-06T21:07:18.135-03:00 DEBUG 34568 --- [anarobles-backend] [  restartedMain] org.hibernate.SQL                        : 
    alter table if exists orden_items 
       add constraint FKaod0hti8wc34ydrspxdy3p1u 
       foreign key (orden_id) 
       references ordenes
Hibernate: 
    alter table if exists orden_items 
       add constraint FKaod0hti8wc34ydrspxdy3p1u 
       foreign key (orden_id) 
       references ordenes
2026-05-06T21:07:18.135-03:00 DEBUG 34568 --- [anarobles-backend] [  restartedMain] org.hibernate.SQL                        : 
    alter table if exists ordenes 
       add constraint FKsqu43gsd6mtx7b1siww96324 
       foreign key (usuario_id) 
       references usuarios
Hibernate: 
    alter table if exists ordenes 
       add constraint FKsqu43gsd6mtx7b1siww96324 
       foreign key (usuario_id) 
       references usuarios
2026-05-06T21:07:18.137-03:00 DEBUG 34568 --- [anarobles-backend] [  restartedMain] org.hibernate.SQL                        : 
    alter table if exists usuarios 
       add constraint FKeljjw3mx8n5ngoe7fbqbjwusp 
       foreign key (role_id) 
       references roles
Hibernate: 
    alter table if exists usuarios 
       add constraint FKeljjw3mx8n5ngoe7fbqbjwusp 
       foreign key (role_id) 
       references roles
2026-05-06T21:07:18.137-03:00  INFO 34568 --- [anarobles-backend] [  restartedMain] j.LocalContainerEntityManagerFactoryBean : Initialized JPA EntityManagerFactory for persistence unit 'default'
2026-05-06T21:07:18.603-03:00  WARN 34568 --- [anarobles-backend] [  restartedMain] JpaBaseConfiguration$JpaWebConfiguration : spring.jpa.open-in-view is enabled by default. Therefore, database queries may be performed during view rendering. Explicitly configure spring.jpa.open-in-view to disable this warning
2026-05-06T21:07:18.803-03:00  INFO 34568 --- [anarobles-backend] [  restartedMain] o.s.s.web.DefaultSecurityFilterChain     : Will secure any request with [org.springframework.security.web.session.DisableEncodeUrlFilter@16fcaa56, org.springframework.security.web.context.request.async.WebAsyncManagerIntegrationFilter@6b923f92, org.springframework.security.web.context.SecurityContextHolderFilter@3ec57d19, org.springframework.security.web.header.HeaderWriterFilter@6f568783, org.springframework.web.filter.CorsFilter@e380f71, org.springframework.security.web.authentication.logout.LogoutFilter@65bf48b, com.anacecilia.backend.security.JwtAuthenticationFilter@74bc1bb1, org.springframework.security.web.savedrequest.RequestCacheAwareFilter@66e1119b, org.springframework.security.web.servletapi.SecurityContextHolderAwareRequestFilter@3bc3a724, org.springframework.security.web.authentication.AnonymousAuthenticationFilter@424ede64, org.springframework.security.web.session.SessionManagementFilter@641e73f2, org.springframework.security.web.access.ExceptionTranslationFilter@6c0d6003, org.springframework.security.web.access.intercept.AuthorizationFilter@6273fc1f]
2026-05-06T21:07:18.947-03:00  INFO 34568 --- [anarobles-backend] [  restartedMain] o.s.b.d.a.OptionalLiveReloadServer       : LiveReload server is running on port 35729
2026-05-06T21:07:18.956-03:00  INFO 34568 --- [anarobles-backend] [  restartedMain] o.s.b.w.embedded.tomcat.TomcatWebServer  : Tomcat started on port 8080 (http) with context path ''
2026-05-06T21:07:18.963-03:00  INFO 34568 --- [anarobles-backend] [  restartedMain] c.a.backend.AnaroblesBackendApplication  : Started AnaroblesBackendApplication in 3.13 seconds (process running for 3.378)
2026-05-06T21:07:19.056-03:00 DEBUG 34568 --- [anarobles-backend] [  restartedMain] org.hibernate.SQL                        : 
    select
        r1_0.id,
        r1_0.name 
    from
        roles r1_0 
    where
        r1_0.name=?
Hibernate: 
    select
        r1_0.id,
        r1_0.name 
    from
        roles r1_0 
    where
        r1_0.name=?
2026-05-06T21:07:19.093-03:00 DEBUG 34568 --- [anarobles-backend] [  restartedMain] org.hibernate.SQL                        : 
    insert 
    into
        roles
        (name, id) 
    values
        (?, default)
Hibernate: 
    insert 
    into
        roles
        (name, id) 
    values
        (?, default)
2026-05-06T21:07:19.103-03:00  INFO 34568 --- [anarobles-backend] [  restartedMain] c.a.backend.config.DataInitializer       : Rol ADMIN creado
2026-05-06T21:07:19.103-03:00 DEBUG 34568 --- [anarobles-backend] [  restartedMain] org.hibernate.SQL                        : 
    select
        r1_0.id,
        r1_0.name 
    from
        roles r1_0 
    where
        r1_0.name=?
Hibernate: 
    select
        r1_0.id,
        r1_0.name 
    from
        roles r1_0 
    where
        r1_0.name=?
2026-05-06T21:07:19.103-03:00 DEBUG 34568 --- [anarobles-backend] [  restartedMain] org.hibernate.SQL                        : 
    insert 
    into
        roles
        (name, id) 
    values
        (?, default)
Hibernate: 
    insert 
    into
        roles
        (name, id) 
    values
        (?, default)
2026-05-06T21:07:19.103-03:00  INFO 34568 --- [anarobles-backend] [  restartedMain] c.a.backend.config.DataInitializer       : Rol USER creado
2026-05-06T21:07:19.103-03:00 DEBUG 34568 --- [anarobles-backend] [  restartedMain] org.hibernate.SQL                        : 
    select
        u1_0.id 
    from
        usuarios u1_0 
    where
        u1_0.email=? 
    fetch
        first ? rows only
Hibernate: 
    select
        u1_0.id 
    from
        usuarios u1_0 
    where
        u1_0.email=? 
    fetch
        first ? rows only
2026-05-06T21:07:19.103-03:00 DEBUG 34568 --- [anarobles-backend] [  restartedMain] org.hibernate.SQL                        : 
    select
        r1_0.id,
        r1_0.name 
    from
        roles r1_0 
    where
        r1_0.name=?
Hibernate: 
    select
        r1_0.id,
        r1_0.name 
    from
        roles r1_0 
    where
        r1_0.name=?
2026-05-06T21:07:19.173-03:00 DEBUG 34568 --- [anarobles-backend] [  restartedMain] org.hibernate.SQL                        : 
    insert 
    into
        usuarios
        (activo, avatar, direccion, email, fecha_creacion, nombre, password, role_id, telefono, id) 
    values
        (?, ?, ?, ?, ?, ?, ?, ?, ?, default)
Hibernate: 
    insert 
    into
        usuarios
        (activo, avatar, direccion, email, fecha_creacion, nombre, password, role_id, telefono, id) 
    values
        (?, ?, ?, ?, ?, ?, ?, ?, ?, default)
2026-05-06T21:07:19.173-03:00  INFO 34568 --- [anarobles-backend] [  restartedMain] c.a.backend.config.DataInitializer       : Usuario admin creado: admin@anacecilia.art / admin123
2026-05-06T21:07:19.173-03:00 DEBUG 34568 --- [anarobles-backend] [  restartedMain] org.hibernate.SQL                        : 
    select
        u1_0.id 
    from
        usuarios u1_0 
    where
        u1_0.email=? 
    fetch
        first ? rows only
Hibernate: 
    select
        u1_0.id 
    from
        usuarios u1_0 
    where
        u1_0.email=? 
    fetch
        first ? rows only
2026-05-06T21:07:19.177-03:00 DEBUG 34568 --- [anarobles-backend] [  restartedMain] org.hibernate.SQL                        : 
    select
        r1_0.id,
        r1_0.name 
    from
        roles r1_0 
    where
        r1_0.name=?
Hibernate: 
    select
        r1_0.id,
        r1_0.name 
    from
        roles r1_0 
    where
        r1_0.name=?
2026-05-06T21:07:19.233-03:00 DEBUG 34568 --- [anarobles-backend] [  restartedMain] org.hibernate.SQL                        : 
    insert 
    into
        usuarios
        (activo, avatar, direccion, email, fecha_creacion, nombre, password, role_id, telefono, id) 
    values
        (?, ?, ?, ?, ?, ?, ?, ?, ?, default)
Hibernate: 
    insert 
    into
        usuarios
        (activo, avatar, direccion, email, fecha_creacion, nombre, password, role_id, telefono, id) 
    values
        (?, ?, ?, ?, ?, ?, ?, ?, ?, default)
2026-05-06T21:07:19.233-03:00  INFO 34568 --- [anarobles-backend] [  restartedMain] c.a.backend.config.DataInitializer       : Usuario test creado: test@anacecilia.art / test123
2026-05-06T21:07:19.307-03:00 DEBUG 34568 --- [anarobles-backend] [  restartedMain] org.hibernate.SQL                        : 
    select
        count(*) 
    from
        cursos c1_0
Hibernate: 
    select
        count(*) 
    from
        cursos c1_0
2026-05-06T21:07:19.313-03:00 DEBUG 34568 --- [anarobles-backend] [  restartedMain] org.hibernate.SQL                        : 
    insert 
    into
        cursos
        (categoria, contenido, created_at, descripcion, destacado, duracion, imagen, instructor, intro_video_url, modalidad, nivel, precio, publicado, requisitos, titulo, updated_at, id) 
    values
        (?, ?, ?, ?, ?, ?, ?, ?, ?, ?, ?, ?, ?, ?, ?, ?, default)
Hibernate: 
    insert 
    into
        cursos
        (categoria, contenido, created_at, descripcion, destacado, duracion, imagen, instructor, intro_video_url, modalidad, nivel, precio, publicado, requisitos, titulo, updated_at, id) 
    values
        (?, ?, ?, ?, ?, ?, ?, ?, ?, ?, ?, ?, ?, ?, ?, ?, default)
2026-05-06T21:07:19.323-03:00 DEBUG 34568 --- [anarobles-backend] [  restartedMain] org.hibernate.SQL                        : 
    insert 
    into
        cursos
        (categoria, contenido, created_at, descripcion, destacado, duracion, imagen, instructor, intro_video_url, modalidad, nivel, precio, publicado, requisitos, titulo, updated_at, id) 
    values
        (?, ?, ?, ?, ?, ?, ?, ?, ?, ?, ?, ?, ?, ?, ?, ?, default)
Hibernate: 
    insert 
    into
        cursos
        (categoria, contenido, created_at, descripcion, destacado, duracion, imagen, instructor, intro_video_url, modalidad, nivel, precio, publicado, requisitos, titulo, updated_at, id) 
    values
        (?, ?, ?, ?, ?, ?, ?, ?, ?, ?, ?, ?, ?, ?, ?, ?, default)
2026-05-06T21:07:19.323-03:00 DEBUG 34568 --- [anarobles-backend] [  restartedMain] org.hibernate.SQL                        : 
    insert 
    into
        cursos
        (categoria, contenido, created_at, descripcion, destacado, duracion, imagen, instructor, intro_video_url, modalidad, nivel, precio, publicado, requisitos, titulo, updated_at, id) 
    values
        (?, ?, ?, ?, ?, ?, ?, ?, ?, ?, ?, ?, ?, ?, ?, ?, default)
Hibernate: 
    insert 
    into
        cursos
        (categoria, contenido, created_at, descripcion, destacado, duracion, imagen, instructor, intro_video_url, modalidad, nivel, precio, publicado, requisitos, titulo, updated_at, id) 
    values
        (?, ?, ?, ?, ?, ?, ?, ?, ?, ?, ?, ?, ?, ?, ?, ?, default)
2026-05-06T21:07:19.323-03:00  INFO 34568 --- [anarobles-backend] [  restartedMain] c.a.backend.config.DataInitializer       : Cursos de ejemplo creados
2026-05-06T21:07:19.323-03:00 DEBUG 34568 --- [anarobles-backend] [  restartedMain] org.hibernate.SQL                        : 
    select
        count(*) 
    from
        productos p1_0
Hibernate: 
    select
        count(*) 
    from
        productos p1_0
2026-05-06T21:07:19.323-03:00 DEBUG 34568 --- [anarobles-backend] [  restartedMain] org.hibernate.SQL                        : 
    insert 
    into
        productos
        (categoria, created_at, descripcion, destacado, imagen, nombre, precio, publicado, stock, updated_at, id) 
    values
        (?, ?, ?, ?, ?, ?, ?, ?, ?, ?, default)
Hibernate: 
    insert 
    into
        productos
        (categoria, created_at, descripcion, destacado, imagen, nombre, precio, publicado, stock, updated_at, id) 
    values
        (?, ?, ?, ?, ?, ?, ?, ?, ?, ?, default)
2026-05-06T21:07:19.323-03:00 DEBUG 34568 --- [anarobles-backend] [  restartedMain] org.hibernate.SQL                        : 
    insert 
    into
        productos
        (categoria, created_at, descripcion, destacado, imagen, nombre, precio, publicado, stock, updated_at, id) 
    values
        (?, ?, ?, ?, ?, ?, ?, ?, ?, ?, default)
Hibernate: 
    insert 
    into
        productos
        (categoria, created_at, descripcion, destacado, imagen, nombre, precio, publicado, stock, updated_at, id) 
    values
        (?, ?, ?, ?, ?, ?, ?, ?, ?, ?, default)
2026-05-06T21:07:19.323-03:00 DEBUG 34568 --- [anarobles-backend] [  restartedMain] org.hibernate.SQL                        : 
    insert 
    into
        productos
        (categoria, created_at, descripcion, destacado, imagen, nombre, precio, publicado, stock, updated_at, id) 
    values
        (?, ?, ?, ?, ?, ?, ?, ?, ?, ?, default)
Hibernate: 
    insert 
    into
        productos
        (categoria, created_at, descripcion, destacado, imagen, nombre, precio, publicado, stock, updated_at, id) 
    values
        (?, ?, ?, ?, ?, ?, ?, ?, ?, ?, default)
2026-05-06T21:07:19.333-03:00 DEBUG 34568 --- [anarobles-backend] [  restartedMain] org.hibernate.SQL                        : 
    insert 
    into
        productos
        (categoria, created_at, descripcion, destacado, imagen, nombre, precio, publicado, stock, updated_at, id) 
    values
        (?, ?, ?, ?, ?, ?, ?, ?, ?, ?, default)
Hibernate: 
    insert 
    into
        productos
        (categoria, created_at, descripcion, destacado, imagen, nombre, precio, publicado, stock, updated_at, id) 
    values
        (?, ?, ?, ?, ?, ?, ?, ?, ?, ?, default)
2026-05-06T21:07:19.333-03:00 DEBUG 34568 --- [anarobles-backend] [  restartedMain] org.hibernate.SQL                        : 
    insert 
    into
        productos
        (categoria, created_at, descripcion, destacado, imagen, nombre, precio, publicado, stock, updated_at, id) 
    values
        (?, ?, ?, ?, ?, ?, ?, ?, ?, ?, default)
Hibernate: 
    insert 
    into
        productos
        (categoria, created_at, descripcion, destacado, imagen, nombre, precio, publicado, stock, updated_at, id) 
    values
        (?, ?, ?, ?, ?, ?, ?, ?, ?, ?, default)
2026-05-06T21:07:19.333-03:00  INFO 34568 --- [anarobles-backend] [  restartedMain] c.a.backend.config.DataInitializer       : Productos de ejemplo creados
2026-05-06T21:07:19.333-03:00  INFO 34568 --- [anarobles-backend] [  restartedMain] c.a.backend.config.DataInitializer       : Datos iniciales cargados correctamente
2026-05-06T21:07:20.983-03:00  INFO 34568 --- [anarobles-backend] [nio-8080-exec-1] o.a.c.c.C.[Tomcat].[localhost].[/]       : Initializing Spring DispatcherServlet 'dispatcherServlet'
2026-05-06T21:07:20.983-03:00  INFO 34568 --- [anarobles-backend] [nio-8080-exec-1] o.s.web.servlet.DispatcherServlet        : Initializing Servlet 'dispatcherServlet'
2026-05-06T21:07:20.983-03:00  INFO 34568 --- [anarobles-backend] [nio-8080-exec-1] o.s.web.servlet.DispatcherServlet        : Completed initialization in 0 ms
2026-05-06T21:07:20.993-03:00  WARN 34568 --- [anarobles-backend] [nio-8080-exec-1] o.s.w.s.h.HandlerMappingIntrospector     : Cache miss for REQUEST dispatch to '/api/cursos' (previous null). Performing MatchableHandlerMapping lookup. This is logged once only at WARN level, and every time at TRACE.
2026-05-06T21:07:21.013-03:00 DEBUG 34568 --- [anarobles-backend] [nio-8080-exec-1] org.hibernate.SQL                        : 
    select
        c1_0.id,
        c1_0.categoria,
        c1_0.contenido,
        c1_0.created_at,
        c1_0.descripcion,
        c1_0.destacado,
        c1_0.duracion,
        c1_0.imagen,
        c1_0.instructor,
        c1_0.intro_video_url,
        c1_0.modalidad,
        c1_0.nivel,
        c1_0.precio,
        c1_0.publicado,
        c1_0.requisitos,
        c1_0.titulo,
        c1_0.updated_at 
    from
        cursos c1_0 
    where
        c1_0.publicado
Hibernate: 
    select
        c1_0.id,
        c1_0.categoria,
        c1_0.contenido,
        c1_0.created_at,
        c1_0.descripcion,
        c1_0.destacado,
        c1_0.duracion,
        c1_0.imagen,
        c1_0.instructor,
        c1_0.intro_video_url,
        c1_0.modalidad,
        c1_0.nivel,
        c1_0.precio,
        c1_0.publicado,
        c1_0.requisitos,
        c1_0.titulo,
        c1_0.updated_at 
    from
        cursos c1_0 
    where
        c1_0.publicado
2026-05-06T21:07:21.018-03:00 DEBUG 34568 --- [anarobles-backend] [nio-8080-exec-1] org.hibernate.SQL                        : 
    select
        m1_0.curso_id,
        m1_0.id,
        m1_0.orden,
        m1_0.titulo 
    from
        modulos m1_0 
    where
        m1_0.curso_id=? 
    order by
        m1_0.orden
Hibernate: 
    select
        m1_0.curso_id,
        m1_0.id,
        m1_0.orden,
        m1_0.titulo 
    from
        modulos m1_0 
    where
        m1_0.curso_id=? 
    order by
        m1_0.orden
2026-05-06T21:07:21.018-03:00 DEBUG 34568 --- [anarobles-backend] [nio-8080-exec-1] org.hibernate.SQL                        : 
    select
        m1_0.curso_id,
        m1_0.id,
        m1_0.orden,
        m1_0.titulo 
    from
        modulos m1_0 
    where
        m1_0.curso_id=? 
    order by
        m1_0.orden
Hibernate: 
    select
        m1_0.curso_id,
        m1_0.id,
        m1_0.orden,
        m1_0.titulo 
    from
        modulos m1_0 
    where
        m1_0.curso_id=? 
    order by
        m1_0.orden
2026-05-06T21:07:21.018-03:00 DEBUG 34568 --- [anarobles-backend] [nio-8080-exec-1] org.hibernate.SQL                        : 
    select
        m1_0.curso_id,
        m1_0.id,
        m1_0.orden,
        m1_0.titulo 
    from
        modulos m1_0 
    where
        m1_0.curso_id=? 
    order by
        m1_0.orden
Hibernate: 
    select
        m1_0.curso_id,
        m1_0.id,
        m1_0.orden,
        m1_0.titulo 
    from
        modulos m1_0 
    where
        m1_0.curso_id=? 
    order by
        m1_0.orden
2026-05-06T21:07:27.233-03:00 DEBUG 34568 --- [anarobles-backend] [nio-8080-exec-2] org.hibernate.SQL                        : 
    select
        p1_0.id,
        p1_0.categoria,
        p1_0.created_at,
        p1_0.descripcion,
        p1_0.destacado,
        p1_0.imagen,
        p1_0.nombre,
        p1_0.precio,
        p1_0.publicado,
        p1_0.stock,
        p1_0.updated_at 
    from
        productos p1_0 
    where
        p1_0.publicado
Hibernate: 
    select
        p1_0.id,
        p1_0.categoria,
        p1_0.created_at,
        p1_0.descripcion,
        p1_0.destacado,
        p1_0.imagen,
        p1_0.nombre,
        p1_0.precio,
        p1_0.publicado,
        p1_0.stock,
        p1_0.updated_at 
    from
        productos p1_0 
    where
        p1_0.publicado
